-------------------------------------------
Batch: 0
-------------------------------------------
+--------------------+-----+
|            customer|score|
+--------------------+-----+
|Spencer.Doshi@tes...|-32.0|
|  Sean.Huey@test.com| -9.5|
|Travis.Jones@test...| 13.5|
|Christina.Habschi...| 25.0|
| Gail.Clark@test.com|  5.5|
|Jacob.Doshi@test.com| -1.5|
|Neeraj.Olson@test...| -4.5|
|Chris.Jackson@tes...| -5.0|
|Chris.Sanchez@tes...| -3.5|
| Jane.Clark@test.com| -3.5|
|Chris.Jones@test.com| -3.5|
|Ben.Aristotle@tes...| -4.0|
|Sean.Fibonnaci@te...| -3.5|
| Dan.Harris@test.com| -2.5|
|Angie.Khatib@test...| -3.0|
|Santosh.Spencer@t...| -4.0|
|Craig.Jones@test.com| 19.5|
|Jason.Mitra@test.com| 17.0|
|Larry.Staples@tes...|-24.0|
|Larry.Clayton@tes...|-17.0|
+--------------------+-----+
only showing top 20 rows

-------------------------------------------
Batch: 1
-------------------------------------------
+--------------------+-----+
|            customer|score|
+--------------------+-----+
|Frank.Spencer@tes...|  6.0|
|Spencer.Doshi@tes...| -4.0|
|  Sean.Huey@test.com| 11.5|
|Travis.Jones@test...| -8.5|
|Christina.Habschi...|-21.5|
| Gail.Clark@test.com| 21.5|
|Jacob.Doshi@test.com| -3.5|
|Neeraj.Olson@test...| -1.0|
+--------------------+-----+

-------------------------------------------
Batch: 2
-------------------------------------------
+--------------------+-----+
|            customer|score|
+--------------------+-----+
|Chris.Jackson@tes...| -2.5|
|Chris.Sanchez@tes...| -6.0|
| Jane.Clark@test.com| -3.5|
|Chris.Jones@test.com| -3.5|
+--------------------+-----+

-------------------------------------------
Batch: 3
-------------------------------------------
+--------------------+-----+
|            customer|score|
+--------------------+-----+
|Ben.Aristotle@tes...| -3.5|
|Sean.Fibonnaci@te...| -4.5|
| Dan.Harris@test.com| -1.0|
+--------------------+-----+

-------------------------------------------
Batch: 4
-------------------------------------------
+--------------------+-----+
|            customer|score|
+--------------------+-----+
|Angie.Khatib@test...| -3.0|
|Santosh.Spencer@t...| -1.5|
|Craig.Jones@test.com| 11.0|
+--------------------+-----+

-------------------------------------------
Batch: 5
-------------------------------------------
+--------------------+-----+
|            customer|score|
+--------------------+-----+
|Jason.Mitra@test.com| 11.0|
|Larry.Staples@tes...|  6.0|
|Larry.Clayton@tes...| 11.0|
|   Frank.Wu@test.com|-14.5|
+--------------------+-----+

-------------------------------------------
Batch: 6
-------------------------------------------
+--------------------+-----+
|            customer|score|
+--------------------+-----+
| Jane.Olson@test.com|-34.0|
|David.Jefferson@t...|-21.5|
|Larry.Phillips@te...| -9.5|
+--------------------+-----+

-------------------------------------------
Batch: 7
-------------------------------------------
+--------------------+-----+
|            customer|score|
+--------------------+-----+
|Ashley.Habschied@...|-14.5|
|  Dan.Doshi@test.com| -3.5|
|Larry.Anderson@te...|-13.0|
+--------------------+-----+

-------------------------------------------
Batch: 8
-------------------------------------------
+--------------------+-----+
|            customer|score|
+--------------------+-----+
|Frank.Spencer@tes...| -1.0|
|Spencer.Doshi@tes...| 11.5|
|  Sean.Huey@test.com| -9.5|
+--------------------+-----+

-------------------------------------------
Batch: 9
-------------------------------------------
+--------------------+-----+
|            customer|score|
+--------------------+-----+
|Travis.Jones@test...|  9.0|
|Christina.Habschi...|  2.0|
| Gail.Clark@test.com|  2.0|
+--------------------+-----+

-------------------------------------------
Batch: 10
-------------------------------------------
+--------------------+-----+
|            customer|score|
+--------------------+-----+
|Jacob.Doshi@test.com| -3.0|
|Neeraj.Olson@test...| -2.5|
|Chris.Jackson@tes...| -3.0|
+--------------------+-----+

-------------------------------------------
Batch: 11
-------------------------------------------
+--------------------+-----+
|            customer|score|
+--------------------+-----+
|Chris.Sanchez@tes...| -5.5|
| Jane.Clark@test.com| -3.0|
|Chris.Jones@test.com| -4.0|
+--------------------+-----+

-------------------------------------------
Batch: 12
-------------------------------------------
+--------------------+-----+
|            customer|score|
+--------------------+-----+
|Ben.Aristotle@tes...| -5.0|
|Sean.Fibonnaci@te...| -4.0|
| Dan.Harris@test.com| -1.0|
+--------------------+-----+

-------------------------------------------
Batch: 13
-------------------------------------------
+--------------------+-----+
|            customer|score|
+--------------------+-----+
|Angie.Khatib@test...| -2.5|
|Santosh.Spencer@t...| -1.5|
|Craig.Jones@test.com|  4.0|
|Jason.Mitra@test.com| 38.0|
|Larry.Staples@tes...| 15.5|
+--------------------+-----+

-------------------------------------------
Batch: 14
-------------------------------------------
+--------------------+-----+
|            customer|score|
+--------------------+-----+
|Larry.Clayton@tes...|-17.0|
|   Frank.Wu@test.com| -7.5|
| Jane.Olson@test.com|-13.0|
|David.Jefferson@t...| 13.5|
|Larry.Phillips@te...|-24.5|
+--------------------+-----+

-------------------------------------------
Batch: 15
-------------------------------------------
+--------------------+-----+
|            customer|score|
+--------------------+-----+
|Ashley.Habschied@...| -4.5|
|  Dan.Doshi@test.com|  8.0|
|Larry.Anderson@te...| 29.0|
|Frank.Spencer@tes...|  2.5|
|Spencer.Doshi@tes...| 33.5|
+--------------------+-----+

-------------------------------------------
Batch: 16
-------------------------------------------
+--------------------+-----+
|            customer|score|
+--------------------+-----+
|  Sean.Huey@test.com|-25.5|
|Travis.Jones@test...| -0.5|
|Christina.Habschi...| -6.5|
| Gail.Clark@test.com|-20.0|
+--------------------+-----+

-------------------------------------------
Batch: 17
-------------------------------------------
+--------------------+-----+
|            customer|score|
+--------------------+-----+
|Jacob.Doshi@test.com| -2.0|
|Neeraj.Olson@test...| -3.5|
|Chris.Jackson@tes...| -4.0|
|Chris.Sanchez@tes...| -3.5|
| Jane.Clark@test.com| -2.0|
|Chris.Jones@test.com| -3.0|
+--------------------+-----+

-------------------------------------------
Batch: 18
-------------------------------------------
+--------------------+-----+
|            customer|score|
+--------------------+-----+
|Ben.Aristotle@tes...| -5.0|
|Sean.Fibonnaci@te...| -2.0|
| Dan.Harris@test.com| -1.5|
|Angie.Khatib@test...| -3.5|
|Santosh.Spencer@t...| -3.0|
|Craig.Jones@test.com| 17.0|
+--------------------+-----+

-------------------------------------------
Batch: 19
-------------------------------------------
+--------------------+-----+
|            customer|score|
+--------------------+-----+
|Jason.Mitra@test.com|  4.0|
|Larry.Staples@tes...|  9.0|
|Larry.Clayton@tes...| 14.0|
|   Frank.Wu@test.com| 14.0|
+--------------------+-----+

-------------------------------------------
Batch: 20
-------------------------------------------
+--------------------+-----+
|            customer|score|
+--------------------+-----+
| Jane.Olson@test.com|  5.0|
|David.Jefferson@t...| -2.5|
|Larry.Phillips@te...| -4.5|
+--------------------+-----+

-------------------------------------------
Batch: 21
-------------------------------------------
+--------------------+-----+
|            customer|score|
+--------------------+-----+
|Ashley.Habschied@...| -4.5|
|  Dan.Doshi@test.com| 20.0|
|Larry.Anderson@te...| 22.5|
+--------------------+-----+

-------------------------------------------
Batch: 22
-------------------------------------------
+--------------------+-----+
|            customer|score|
+--------------------+-----+
|Frank.Spencer@tes...|  4.5|
|Spencer.Doshi@tes...| 11.0|
|  Sean.Huey@test.com|-15.0|
+--------------------+-----+

-------------------------------------------
Batch: 23
-------------------------------------------
+--------------------+-----+
|            customer|score|
+--------------------+-----+
|Travis.Jones@test...| 26.0|
|Christina.Habschi...|  9.0|
| Gail.Clark@test.com|-12.5|
+--------------------+-----+

-------------------------------------------
Batch: 24
-------------------------------------------
+--------------------+-----+
|            customer|score|
+--------------------+-----+
|Jacob.Doshi@test.com| -2.0|
|Neeraj.Olson@test...| -4.5|
|Chris.Jackson@tes...| -4.0|
+--------------------+-----+

-------------------------------------------
Batch: 25
-------------------------------------------
+--------------------+-----+
|            customer|score|
+--------------------+-----+
|Chris.Sanchez@tes...| -2.5|
| Jane.Clark@test.com| -3.0|
|Chris.Jones@test.com| -3.5|
+--------------------+-----+

-------------------------------------------
Batch: 26
-------------------------------------------
+--------------------+-----+
|            customer|score|
+--------------------+-----+
|Ben.Aristotle@tes...| -4.0|
|Sean.Fibonnaci@te...| -1.5|
| Dan.Harris@test.com| -1.5|
+--------------------+-----+

-------------------------------------------
Batch: 27
-------------------------------------------
+--------------------+-----+
|            customer|score|
+--------------------+-----+
|Angie.Khatib@test...| -3.0|
|Santosh.Spencer@t...| -3.0|
|Craig.Jones@test.com|  3.0|
+--------------------+-----+

-------------------------------------------
Batch: 28
-------------------------------------------
+--------------------+-----+
|            customer|score|
+--------------------+-----+
|Jason.Mitra@test.com|-21.0|
|Larry.Staples@tes...|  2.0|
|Larry.Clayton@tes...| 19.5|
+--------------------+-----+

-------------------------------------------
Batch: 29
-------------------------------------------
+--------------------+-----+
|            customer|score|
+--------------------+-----+
|   Frank.Wu@test.com|-13.0|
| Jane.Olson@test.com| 30.0|
|David.Jefferson@t...|-16.0|
+--------------------+-----+

-------------------------------------------
Batch: 30
-------------------------------------------
+--------------------+-----+
|            customer|score|
+--------------------+-----+
|Larry.Phillips@te...| -7.0|
|Ashley.Habschied@...|-28.0|
|  Dan.Doshi@test.com|  5.0|
|Larry.Anderson@te...|-13.0|
+--------------------+-----+

-------------------------------------------
Batch: 31
-------------------------------------------
+--------------------+-----+
|            customer|score|
+--------------------+-----+
|Frank.Spencer@tes...| 18.5|
|Spencer.Doshi@tes...| -8.5|
+--------------------+-----+

-------------------------------------------
Batch: 32
-------------------------------------------
+--------------------+-----+
|            customer|score|
+--------------------+-----+
|  Sean.Huey@test.com| 23.5|
|Travis.Jones@test...| 20.5|
|Christina.Habschi...| 23.0|
+--------------------+-----+

-------------------------------------------
Batch: 33
-------------------------------------------
+--------------------+-----+
|            customer|score|
+--------------------+-----+
| Gail.Clark@test.com|  4.5|
|Jacob.Doshi@test.com| -4.0|
|Neeraj.Olson@test...| -5.0|
+--------------------+-----+

-------------------------------------------
Batch: 34
-------------------------------------------
+--------------------+-----+
|            customer|score|
+--------------------+-----+
|Chris.Jackson@tes...| -5.0|
|Chris.Sanchez@tes...| -4.5|
| Jane.Clark@test.com| -4.0|
|Chris.Jones@test.com| -3.0|
+--------------------+-----+

-------------------------------------------
Batch: 35
-------------------------------------------
+--------------------+-----+
|            customer|score|
+--------------------+-----+
|Ben.Aristotle@tes...| -3.0|
|Sean.Fibonnaci@te...| -2.0|
| Dan.Harris@test.com| -2.0|
+--------------------+-----+

-------------------------------------------
Batch: 36
-------------------------------------------
+--------------------+-----+
|            customer|score|
+--------------------+-----+
|Angie.Khatib@test...| -2.5|
|Santosh.Spencer@t...| -4.5|
|Craig.Jones@test.com|-12.0|
+--------------------+-----+

-------------------------------------------
Batch: 37
-------------------------------------------
+--------------------+-----+
|            customer|score|
+--------------------+-----+
|Jason.Mitra@test.com| 12.0|
|Larry.Staples@tes...|-16.5|
|Larry.Clayton@tes...| -4.0|
+--------------------+-----+

-------------------------------------------
Batch: 38
-------------------------------------------
+--------------------+-----+
|            customer|score|
+--------------------+-----+
|   Frank.Wu@test.com|-12.5|
| Jane.Olson@test.com| 12.5|
|David.Jefferson@t...| -2.5|
|Larry.Phillips@te...| -5.0|
+--------------------+-----+

-------------------------------------------
Batch: 39
-------------------------------------------
+--------------------+-----+
|            customer|score|
+--------------------+-----+
|Ashley.Habschied@...|-19.5|
|  Dan.Doshi@test.com|-15.0|
+--------------------+-----+

-------------------------------------------
Batch: 40
-------------------------------------------
+--------------------+-----+
|            customer|score|
+--------------------+-----+
|Larry.Anderson@te...| -8.5|
|Frank.Spencer@tes...| 15.0|
|Spencer.Doshi@tes...|-18.0|
|  Sean.Huey@test.com| 13.0|
+--------------------+-----+

-------------------------------------------
Batch: 41
-------------------------------------------
+--------------------+-----+
|            customer|score|
+--------------------+-----+
|Travis.Jones@test...|-28.0|
|Christina.Habschi...|  5.0|
| Gail.Clark@test.com| -5.5|
+--------------------+-----+

-------------------------------------------
Batch: 42
-------------------------------------------
+--------------------+-----+
|            customer|score|
+--------------------+-----+
|Jacob.Doshi@test.com| -4.0|
|Neeraj.Olson@test...| -5.0|
|Chris.Jackson@tes...| -4.5|
+--------------------+-----+

-------------------------------------------
Batch: 43
-------------------------------------------
+--------------------+-----+
|            customer|score|
+--------------------+-----+
|Chris.Sanchez@tes...| -5.5|
| Jane.Clark@test.com| -3.0|
|Chris.Jones@test.com| -2.5|
+--------------------+-----+

-------------------------------------------
Batch: 44
-------------------------------------------
+--------------------+-----+
|            customer|score|
+--------------------+-----+
|Ben.Aristotle@tes...| -3.0|
|Sean.Fibonnaci@te...| -1.5|
+--------------------+-----+

-------------------------------------------
Batch: 45
-------------------------------------------
+--------------------+-----+
|            customer|score|
+--------------------+-----+
| Dan.Harris@test.com| -3.5|
|Angie.Khatib@test...| -4.0|
|Santosh.Spencer@t...| -5.5|
+--------------------+-----+

-------------------------------------------
Batch: 46
-------------------------------------------
+--------------------+-----+
|            customer|score|
+--------------------+-----+
|Craig.Jones@test.com|-10.5|
|Jason.Mitra@test.com| 30.0|
|Larry.Staples@tes...|-19.0|
+--------------------+-----+

-------------------------------------------
Batch: 47
-------------------------------------------
+--------------------+-----+
|            customer|score|
+--------------------+-----+
|Larry.Clayton@tes...|  4.0|
|   Frank.Wu@test.com| 28.0|
| Jane.Olson@test.com|-11.0|
+--------------------+-----+

-------------------------------------------
Batch: 48
-------------------------------------------
+--------------------+-----+
|            customer|score|
+--------------------+-----+
|David.Jefferson@t...| 11.5|
|Larry.Phillips@te...|  9.5|
|Ashley.Habschied@...| -0.5|
+--------------------+-----+

-------------------------------------------
Batch: 49
-------------------------------------------
+--------------------+-----+
|            customer|score|
+--------------------+-----+
|  Dan.Doshi@test.com| -1.5|
|Larry.Anderson@te...|  8.0|
|Frank.Spencer@tes...|-25.5|
+--------------------+-----+

-------------------------------------------
Batch: 50
-------------------------------------------
+--------------------+-----+
|            customer|score|
+--------------------+-----+
|Spencer.Doshi@tes...|-20.5|
|  Sean.Huey@test.com| 10.5|
+--------------------+-----+

-------------------------------------------
Batch: 51
-------------------------------------------
+--------------------+-----+
|            customer|score|
+--------------------+-----+
|Travis.Jones@test...|-25.0|
|Christina.Habschi...| -8.0|
| Gail.Clark@test.com| 16.5|
+--------------------+-----+

-------------------------------------------
Batch: 52
-------------------------------------------
+--------------------+-----+
|            customer|score|
+--------------------+-----+
|Jacob.Doshi@test.com| -3.5|
|Neeraj.Olson@test...| -3.5|
|Chris.Jackson@tes...| -2.5|
+--------------------+-----+

-------------------------------------------
Batch: 53
-------------------------------------------
+--------------------+-----+
|            customer|score|
+--------------------+-----+
|Chris.Sanchez@tes...| -5.0|
| Jane.Clark@test.com| -2.5|
|Chris.Jones@test.com| -3.0|
+--------------------+-----+

-------------------------------------------
Batch: 54
-------------------------------------------
+--------------------+-----+
|            customer|score|
+--------------------+-----+
|Ben.Aristotle@tes...| -3.0|
|Sean.Fibonnaci@te...| -0.5|
| Dan.Harris@test.com| -3.0|
+--------------------+-----+

-------------------------------------------
Batch: 55
-------------------------------------------
+--------------------+-----+
|            customer|score|
+--------------------+-----+
|Angie.Khatib@test...| -4.0|
|Santosh.Spencer@t...| -5.0|
|Craig.Jones@test.com|-10.0|
+--------------------+-----+

-------------------------------------------
Batch: 56
-------------------------------------------
+--------------------+-----+
|            customer|score|
+--------------------+-----+
|Jason.Mitra@test.com| -5.5|
|Larry.Staples@tes...| 25.5|
|Larry.Clayton@tes...|  8.5|
+--------------------+-----+

-------------------------------------------
Batch: 57
-------------------------------------------
+--------------------+-----+
|            customer|score|
+--------------------+-----+
|   Frank.Wu@test.com| 32.0|
| Jane.Olson@test.com| 20.0|
|David.Jefferson@t...| 34.0|
+--------------------+-----+

-------------------------------------------
Batch: 58
-------------------------------------------
+--------------------+-----+
|            customer|score|
+--------------------+-----+
|Larry.Phillips@te...|  7.5|
|Ashley.Habschied@...|  2.0|
|  Dan.Doshi@test.com|  0.0|
+--------------------+-----+

-------------------------------------------
Batch: 59
-------------------------------------------
+--------------------+-----+
|            customer|score|
+--------------------+-----+
|Larry.Anderson@te...|-12.5|
|Frank.Spencer@tes...|-14.5|
|Spencer.Doshi@tes...|-16.0|
+--------------------+-----+

-------------------------------------------
Batch: 60
-------------------------------------------
+--------------------+-----+
|            customer|score|
+--------------------+-----+
|  Sean.Huey@test.com| -4.0|
|Travis.Jones@test...| 11.5|
|Christina.Habschi...|-33.5|
+--------------------+-----+

-------------------------------------------
Batch: 61
-------------------------------------------
+--------------------+-----+
|            customer|score|
+--------------------+-----+
| Gail.Clark@test.com|  0.0|
|Jacob.Doshi@test.com| -4.5|
|Neeraj.Olson@test...| -1.5|
+--------------------+-----+

-------------------------------------------
Batch: 62
-------------------------------------------
+--------------------+-----+
|            customer|score|
+--------------------+-----+
|Chris.Jackson@tes...| -2.0|
|Chris.Sanchez@tes...| -4.5|
| Jane.Clark@test.com| -4.5|
+--------------------+-----+

-------------------------------------------
Batch: 63
-------------------------------------------
+--------------------+-----+
|            customer|score|
+--------------------+-----+
|Chris.Jones@test.com| -2.0|
|Ben.Aristotle@tes...| -4.5|
|Sean.Fibonnaci@te...| -1.5|
+--------------------+-----+

-------------------------------------------
Batch: 64
-------------------------------------------
+--------------------+-----+
|            customer|score|
+--------------------+-----+
| Dan.Harris@test.com| -3.0|
|Angie.Khatib@test...| -2.0|
|Santosh.Spencer@t...| -5.5|
+--------------------+-----+

-------------------------------------------
Batch: 65
-------------------------------------------
+--------------------+-----+
|            customer|score|
+--------------------+-----+
|Craig.Jones@test.com|-13.5|
|Jason.Mitra@test.com|-16.5|
|Larry.Staples@tes...| 46.5|
+--------------------+-----+

-------------------------------------------
Batch: 66
-------------------------------------------
+--------------------+-----+
|            customer|score|
+--------------------+-----+
|Larry.Clayton@tes...|  1.0|
|   Frank.Wu@test.com| -8.0|
| Jane.Olson@test.com| 23.0|
+--------------------+-----+

-------------------------------------------
Batch: 67
-------------------------------------------
+--------------------+-----+
|            customer|score|
+--------------------+-----+
|David.Jefferson@t...| 23.5|
|Larry.Phillips@te...| 10.0|
+--------------------+-----+

-------------------------------------------
Batch: 68
-------------------------------------------
+--------------------+-----+
|            customer|score|
+--------------------+-----+
|Ashley.Habschied@...| 11.0|
|  Dan.Doshi@test.com| -6.0|
|Larry.Anderson@te...|-41.5|
+--------------------+-----+

-------------------------------------------
Batch: 69
-------------------------------------------
+--------------------+-----+
|            customer|score|
+--------------------+-----+
|Frank.Spencer@tes...| 12.5|
|Spencer.Doshi@tes...| 12.5|
|  Sean.Huey@test.com|-41.0|
|Travis.Jones@test...|  3.5|
+--------------------+-----+

-------------------------------------------
Batch: 70
-------------------------------------------
+--------------------+-----+
|            customer|score|
+--------------------+-----+
|Christina.Habschi...| -8.0|
| Gail.Clark@test.com|-44.0|
|Jacob.Doshi@test.com| -5.0|
+--------------------+-----+

-------------------------------------------
Batch: 71
-------------------------------------------
+--------------------+-----+
|            customer|score|
+--------------------+-----+
|Neeraj.Olson@test...| -2.0|
|Chris.Jackson@tes...| -2.0|
|Chris.Sanchez@tes...| -3.5|
+--------------------+-----+

-------------------------------------------
Batch: 72
-------------------------------------------
+--------------------+-----+
|            customer|score|
+--------------------+-----+
| Jane.Clark@test.com| -4.5|
|Chris.Jones@test.com| -1.0|
|Ben.Aristotle@tes...| -5.0|
+--------------------+-----+

-------------------------------------------
Batch: 73
-------------------------------------------
+--------------------+-----+
|            customer|score|
+--------------------+-----+
|Sean.Fibonnaci@te...| -3.5|
| Dan.Harris@test.com| -4.0|
|Angie.Khatib@test...| -1.0|
+--------------------+-----+

-------------------------------------------
Batch: 74
-------------------------------------------
+--------------------+-----+
|            customer|score|
+--------------------+-----+
|Santosh.Spencer@t...| -5.0|
|Craig.Jones@test.com| 11.5|
|Jason.Mitra@test.com| 11.0|
+--------------------+-----+

-------------------------------------------
Batch: 75
-------------------------------------------
+--------------------+-----+
|            customer|score|
+--------------------+-----+
|Larry.Staples@tes...| -6.0|
|Larry.Clayton@tes...| -1.0|
|   Frank.Wu@test.com|-18.0|
+--------------------+-----+

-------------------------------------------
Batch: 76
-------------------------------------------
+--------------------+-----+
|            customer|score|
+--------------------+-----+
| Jane.Olson@test.com|  4.0|
|David.Jefferson@t...|  1.5|
|Larry.Phillips@te...|  8.5|
+--------------------+-----+

-------------------------------------------
Batch: 77
-------------------------------------------
+--------------------+-----+
|            customer|score|
+--------------------+-----+
|Ashley.Habschied@...|  8.5|
|  Dan.Doshi@test.com|  8.5|
+--------------------+-----+

-------------------------------------------
Batch: 78
-------------------------------------------
+--------------------+-----+
|            customer|score|
+--------------------+-----+
|Larry.Anderson@te...| -9.5|
|Frank.Spencer@tes...| -1.0|
|Spencer.Doshi@tes...| 25.5|
|  Sean.Huey@test.com|-10.5|
+--------------------+-----+

-------------------------------------------
Batch: 79
-------------------------------------------
+--------------------+-----+
|            customer|score|
+--------------------+-----+
|Travis.Jones@test...|  5.5|
|Christina.Habschi...| 26.5|
+--------------------+-----+

-------------------------------------------
Batch: 80
-------------------------------------------
+--------------------+-----+
|            customer|score|
+--------------------+-----+
| Gail.Clark@test.com|-10.0|
|Jacob.Doshi@test.com| -5.0|
|Neeraj.Olson@test...| -2.5|
+--------------------+-----+

-------------------------------------------
Batch: 81
-------------------------------------------
+--------------------+-----+
|            customer|score|
+--------------------+-----+
|Chris.Jackson@tes...| -2.0|
|Chris.Sanchez@tes...| -2.5|
| Jane.Clark@test.com| -1.5|
+--------------------+-----+

-------------------------------------------
Batch: 82
-------------------------------------------
+--------------------+-----+
|            customer|score|
+--------------------+-----+
|Chris.Jones@test.com| -2.5|
|Ben.Aristotle@tes...| -2.5|
|Sean.Fibonnaci@te...| -3.5|
+--------------------+-----+

-------------------------------------------
Batch: 83
-------------------------------------------
+--------------------+-----+
|            customer|score|
+--------------------+-----+
| Dan.Harris@test.com| -3.0|
|Angie.Khatib@test...| -1.5|
+--------------------+-----+

-------------------------------------------
Batch: 84
-------------------------------------------
+--------------------+-----+
|            customer|score|
+--------------------+-----+
|Santosh.Spencer@t...| -3.0|
|Craig.Jones@test.com| 32.5|
|Jason.Mitra@test.com|  3.0|
+--------------------+-----+

-------------------------------------------
Batch: 85
-------------------------------------------
+--------------------+-----+
|            customer|score|
+--------------------+-----+
|Larry.Staples@tes...|-48.0|
|Larry.Clayton@tes...|  7.5|
|   Frank.Wu@test.com|  2.5|
+--------------------+-----+

-------------------------------------------
Batch: 86
-------------------------------------------
+--------------------+-----+
|            customer|score|
+--------------------+-----+
| Jane.Olson@test.com|-23.0|
|David.Jefferson@t...|-15.0|
|Larry.Phillips@te...|-15.5|
+--------------------+-----+

-------------------------------------------
Batch: 87
-------------------------------------------
+--------------------+-----+
|            customer|score|
+--------------------+-----+
|Ashley.Habschied@...|  0.0|
|  Dan.Doshi@test.com|-19.0|
+--------------------+-----+

-------------------------------------------
Batch: 88
-------------------------------------------
+--------------------+-----+
|            customer|score|
+--------------------+-----+
|Larry.Anderson@te...| 22.5|
|Frank.Spencer@tes...|-11.0|
|Spencer.Doshi@tes...|-11.5|
+--------------------+-----+

-------------------------------------------
Batch: 89
-------------------------------------------
+--------------------+-----+
|            customer|score|
+--------------------+-----+
|  Sean.Huey@test.com| 34.5|
|Travis.Jones@test...| 28.0|
|Christina.Habschi...| -7.5|
+--------------------+-----+

-------------------------------------------
Batch: 90
-------------------------------------------
+--------------------+-----+
|            customer|score|
+--------------------+-----+
| Gail.Clark@test.com| 34.5|
|Jacob.Doshi@test.com| -3.5|
+--------------------+-----+

-------------------------------------------
Batch: 91
-------------------------------------------
+--------------------+-----+
|            customer|score|
+--------------------+-----+
|Neeraj.Olson@test...| -2.0|
|Chris.Jackson@tes...| -1.5|
|Chris.Sanchez@tes...| -1.0|
+--------------------+-----+

-------------------------------------------
Batch: 92
-------------------------------------------
+--------------------+-----+
|            customer|score|
+--------------------+-----+
| Jane.Clark@test.com|  0.0|
|Chris.Jones@test.com| -4.0|
|Ben.Aristotle@tes...| -1.0|
+--------------------+-----+

-------------------------------------------
Batch: 93
-------------------------------------------
+--------------------+-----+
|            customer|score|
+--------------------+-----+
|Sean.Fibonnaci@te...| -2.5|
| Dan.Harris@test.com| -3.0|
|Angie.Khatib@test...| -2.5|
+--------------------+-----+

-------------------------------------------
Batch: 94
-------------------------------------------
+--------------------+-----+
|            customer|score|
+--------------------+-----+
|Santosh.Spencer@t...| -1.5|
|Craig.Jones@test.com| -3.0|
+--------------------+-----+

-------------------------------------------
Batch: 95
-------------------------------------------
+--------------------+-----+
|            customer|score|
+--------------------+-----+
|Jason.Mitra@test.com|-17.5|
|Larry.Staples@tes...|-26.5|
|Larry.Clayton@tes...|-13.0|
+--------------------+-----+

-------------------------------------------
Batch: 96
-------------------------------------------
+--------------------+-----+
|            customer|score|
+--------------------+-----+
|   Frank.Wu@test.com|  0.5|
| Jane.Olson@test.com|-41.0|
|David.Jefferson@t...|-15.0|
+--------------------+-----+

-------------------------------------------
Batch: 97
-------------------------------------------
+--------------------+-----+
|            customer|score|
+--------------------+-----+
|Larry.Phillips@te...| -2.5|
|Ashley.Habschied@...| 24.5|
|  Dan.Doshi@test.com|-27.5|
+--------------------+-----+

-------------------------------------------
Batch: 98
-------------------------------------------
+--------------------+-----+
|            customer|score|
+--------------------+-----+
|Larry.Anderson@te...| -1.5|
|Frank.Spencer@tes...| -6.5|
|Spencer.Doshi@tes...| -2.5|
+--------------------+-----+

-------------------------------------------
Batch: 99
-------------------------------------------
+--------------------+-----+
|            customer|score|
+--------------------+-----+
|  Sean.Huey@test.com|  8.5|
|Travis.Jones@test...| -9.5|
|Christina.Habschi...| -9.5|
+--------------------+-----+

-------------------------------------------
Batch: 100
-------------------------------------------
+--------------------+-----+
|            customer|score|
+--------------------+-----+
| Gail.Clark@test.com| 31.0|
|Jacob.Doshi@test.com| -1.0|
+--------------------+-----+

-------------------------------------------
Batch: 101
-------------------------------------------
+--------------------+-----+
|            customer|score|
+--------------------+-----+
|Neeraj.Olson@test...| -2.5|
|Chris.Jackson@tes...| -2.0|
|Chris.Sanchez@tes...| -1.0|
+--------------------+-----+

-------------------------------------------
Batch: 102
-------------------------------------------
+--------------------+-----+
|            customer|score|
+--------------------+-----+
| Jane.Clark@test.com| -0.5|
|Chris.Jones@test.com| -3.0|
+--------------------+-----+

-------------------------------------------
Batch: 103
-------------------------------------------
+--------------------+-----+
|            customer|score|
+--------------------+-----+
|Ben.Aristotle@tes...| -1.5|
|Sean.Fibonnaci@te...| -2.0|
| Dan.Harris@test.com| -3.5|
+--------------------+-----+

-------------------------------------------
Batch: 104
-------------------------------------------
+--------------------+-----+
|            customer|score|
+--------------------+-----+
|Angie.Khatib@test...| -3.0|
|Santosh.Spencer@t...| -0.5|
|Craig.Jones@test.com|-10.0|
+--------------------+-----+

-------------------------------------------
Batch: 105
-------------------------------------------
+--------------------+-----+
|            customer|score|
+--------------------+-----+
|Jason.Mitra@test.com|-16.0|
|Larry.Staples@tes...| 17.0|
+--------------------+-----+

-------------------------------------------
Batch: 106
-------------------------------------------
+--------------------+-----+
|            customer|score|
+--------------------+-----+
|Larry.Clayton@tes...|-20.5|
|   Frank.Wu@test.com|-23.5|
| Jane.Olson@test.com| -6.5|
+--------------------+-----+

-------------------------------------------
Batch: 107
-------------------------------------------
+--------------------+-----+
|            customer|score|
+--------------------+-----+
|David.Jefferson@t...| -2.0|
|Larry.Phillips@te...|  1.5|
|Ashley.Habschied@...|  9.0|
+--------------------+-----+

-------------------------------------------
Batch: 108
-------------------------------------------
+--------------------+-----+
|            customer|score|
+--------------------+-----+
|  Dan.Doshi@test.com| 15.5|
|Larry.Anderson@te...|-20.0|
+--------------------+-----+

-------------------------------------------
Batch: 109
-------------------------------------------
+--------------------+-----+
|            customer|score|
+--------------------+-----+
|Frank.Spencer@tes...|  8.5|
|Spencer.Doshi@tes...| 31.5|
|  Sean.Huey@test.com|-28.5|
|Travis.Jones@test...|-32.5|
+--------------------+-----+

-------------------------------------------
Batch: 110
-------------------------------------------
+--------------------+-----+
|            customer|score|
+--------------------+-----+
|Christina.Habschi...| 13.0|
| Gail.Clark@test.com|-12.0|
+--------------------+-----+

-------------------------------------------
Batch: 111
-------------------------------------------
+--------------------+-----+
|            customer|score|
+--------------------+-----+
|Jacob.Doshi@test.com| -1.0|
|Neeraj.Olson@test...| -2.0|
|Chris.Jackson@tes...| -2.5|
+--------------------+-----+

-------------------------------------------
Batch: 112
-------------------------------------------
+--------------------+-----+
|            customer|score|
+--------------------+-----+
|Chris.Sanchez@tes...| -3.0|
| Jane.Clark@test.com| -2.0|
|Chris.Jones@test.com| -1.5|
+--------------------+-----+

-------------------------------------------
Batch: 113
-------------------------------------------
+--------------------+-----+
|            customer|score|
+--------------------+-----+
|Ben.Aristotle@tes...| -3.0|
|Sean.Fibonnaci@te...| -3.5|
| Dan.Harris@test.com| -2.0|
+--------------------+-----+

-------------------------------------------
Batch: 114
-------------------------------------------
+--------------------+-----+
|            customer|score|
+--------------------+-----+
|Angie.Khatib@test...| -3.5|
|Santosh.Spencer@t...| -0.5|
+--------------------+-----+

-------------------------------------------
Batch: 115
-------------------------------------------
+--------------------+-----+
|            customer|score|
+--------------------+-----+
|Craig.Jones@test.com|  8.0|
|Jason.Mitra@test.com|  1.5|
|Larry.Staples@tes...| 47.5|
+--------------------+-----+

-------------------------------------------
Batch: 116
-------------------------------------------
+--------------------+-----+
|            customer|score|
+--------------------+-----+
|Larry.Clayton@tes...| 19.0|
|   Frank.Wu@test.com|-14.5|
| Jane.Olson@test.com| 24.5|
+--------------------+-----+

-------------------------------------------
Batch: 117
-------------------------------------------
+--------------------+-----+
|            customer|score|
+--------------------+-----+
|David.Jefferson@t...|-16.0|
|Larry.Phillips@te...|-20.0|
|Ashley.Habschied@...|-38.0|
+--------------------+-----+

-------------------------------------------
Batch: 118
-------------------------------------------
+--------------------+-----+
|            customer|score|
+--------------------+-----+
|  Dan.Doshi@test.com| 37.5|
|Larry.Anderson@te...| -7.0|
|Frank.Spencer@tes...| 14.0|
+--------------------+-----+

-------------------------------------------
Batch: 119
-------------------------------------------
+--------------------+-----+
|            customer|score|
+--------------------+-----+
|Spencer.Doshi@tes...|  1.5|
|  Sean.Huey@test.com| -2.5|
|Travis.Jones@test...|  2.0|
+--------------------+-----+

-------------------------------------------
Batch: 120
-------------------------------------------
+--------------------+-----+
|            customer|score|
+--------------------+-----+
|Christina.Habschi...|-15.5|
| Gail.Clark@test.com|-20.5|
+--------------------+-----+

-------------------------------------------
Batch: 121
-------------------------------------------
+--------------------+-----+
|            customer|score|
+--------------------+-----+
|Jacob.Doshi@test.com| -2.5|
|Neeraj.Olson@test...| -1.5|
|Chris.Jackson@tes...| -2.0|
+--------------------+-----+

-------------------------------------------
Batch: 122
-------------------------------------------
+--------------------+-----+
|            customer|score|
+--------------------+-----+
|Chris.Sanchez@tes...| -4.0|
| Jane.Clark@test.com| -3.5|
|Chris.Jones@test.com| -2.0|
+--------------------+-----+

-------------------------------------------
Batch: 123
-------------------------------------------
+--------------------+-----+
|            customer|score|
+--------------------+-----+
|Ben.Aristotle@tes...| -5.0|
|Sean.Fibonnaci@te...| -5.5|
| Dan.Harris@test.com| -1.0|
+--------------------+-----+

-------------------------------------------
Batch: 124
-------------------------------------------
+--------------------+-----+
|            customer|score|
+--------------------+-----+
|Angie.Khatib@test...| -4.5|
|Santosh.Spencer@t...| -1.0|
+--------------------+-----+

-------------------------------------------
Batch: 125
-------------------------------------------
+--------------------+-----+
|            customer|score|
+--------------------+-----+
|Craig.Jones@test.com|-11.0|
|Jason.Mitra@test.com| 17.0|
|Larry.Staples@tes...|  5.5|
+--------------------+-----+

-------------------------------------------
Batch: 126
-------------------------------------------
+--------------------+-----+
|            customer|score|
+--------------------+-----+
|Larry.Clayton@tes...| 20.0|
|   Frank.Wu@test.com| 28.0|
| Jane.Olson@test.com| 19.0|
+--------------------+-----+

-------------------------------------------
Batch: 127
-------------------------------------------
+--------------------+-----+
|            customer|score|
+--------------------+-----+
|David.Jefferson@t...|-13.5|
|Larry.Phillips@te...|  5.5|
|Ashley.Habschied@...|-12.0|
+--------------------+-----+

-------------------------------------------
Batch: 128
-------------------------------------------
+--------------------+-----+
|            customer|score|
+--------------------+-----+
|  Dan.Doshi@test.com| -4.5|
|Larry.Anderson@te...| 19.5|
|Frank.Spencer@tes...| 13.0|
+--------------------+-----+

-------------------------------------------
Batch: 129
-------------------------------------------
+--------------------+-----+
|            customer|score|
+--------------------+-----+
|Spencer.Doshi@tes...|-13.5|
|  Sean.Huey@test.com|  1.0|
+--------------------+-----+

-------------------------------------------
Batch: 130
-------------------------------------------
+--------------------+-----+
|            customer|score|
+--------------------+-----+
|Travis.Jones@test...|  9.5|
|Christina.Habschi...|-25.5|
| Gail.Clark@test.com|  4.5|
+--------------------+-----+

-------------------------------------------
Batch: 131
-------------------------------------------
+--------------------+-----+
|            customer|score|
+--------------------+-----+
|Jacob.Doshi@test.com| -2.5|
|Neeraj.Olson@test...| -2.0|
|Chris.Jackson@tes...| -3.0|
+--------------------+-----+

-------------------------------------------
Batch: 132
-------------------------------------------
+--------------------+-----+
|            customer|score|
+--------------------+-----+
|Chris.Sanchez@tes...| -3.5|
| Jane.Clark@test.com| -3.0|
|Chris.Jones@test.com| -3.0|
+--------------------+-----+

-------------------------------------------
Batch: 133
-------------------------------------------
+--------------------+-----+
|            customer|score|
+--------------------+-----+
|Ben.Aristotle@tes...| -4.5|
|Sean.Fibonnaci@te...| -4.5|
| Dan.Harris@test.com| -2.0|
+--------------------+-----+

-------------------------------------------
Batch: 134
-------------------------------------------
+--------------------+-----+
|            customer|score|
+--------------------+-----+
|Angie.Khatib@test...| -3.5|
|Santosh.Spencer@t...| -1.5|
|Craig.Jones@test.com|-22.5|
+--------------------+-----+

-------------------------------------------
Batch: 135
-------------------------------------------
+--------------------+-----+
|            customer|score|
+--------------------+-----+
|Jason.Mitra@test.com| 10.5|
|Larry.Staples@tes...|-27.5|
|Larry.Clayton@tes...| -7.0|
+--------------------+-----+

-------------------------------------------
Batch: 136
-------------------------------------------
+--------------------+-----+
|            customer|score|
+--------------------+-----+
|   Frank.Wu@test.com| 29.0|
| Jane.Olson@test.com|-17.0|
|David.Jefferson@t...| -2.5|
+--------------------+-----+

-------------------------------------------
Batch: 137
-------------------------------------------
+--------------------+-----+
|            customer|score|
+--------------------+-----+
|Larry.Phillips@te...| 10.5|
|Ashley.Habschied@...| 16.5|
|  Dan.Doshi@test.com|-28.5|
+--------------------+-----+

-------------------------------------------
Batch: 138
-------------------------------------------
+--------------------+-----+
|            customer|score|
+--------------------+-----+
|Larry.Anderson@te...| 19.0|
|Frank.Spencer@tes...| 17.5|
+--------------------+-----+

-------------------------------------------
Batch: 139
-------------------------------------------
+--------------------+-----+
|            customer|score|
+--------------------+-----+
|Spencer.Doshi@tes...|  1.5|
|  Sean.Huey@test.com|-24.0|
|Travis.Jones@test...|-18.0|
+--------------------+-----+

-------------------------------------------
Batch: 140
-------------------------------------------
+--------------------+-----+
|            customer|score|
+--------------------+-----+
|Christina.Habschi...| 15.0|
| Gail.Clark@test.com|  9.5|
|Jacob.Doshi@test.com| -2.5|
+--------------------+-----+

-------------------------------------------
Batch: 141
-------------------------------------------
+--------------------+-----+
|            customer|score|
+--------------------+-----+
|Neeraj.Olson@test...| -2.5|
|Chris.Jackson@tes...| -4.0|
|Chris.Sanchez@tes...| -3.5|
| Jane.Clark@test.com| -1.5|
+--------------------+-----+

-------------------------------------------
Batch: 142
-------------------------------------------
+--------------------+-----+
|            customer|score|
+--------------------+-----+
|Chris.Jones@test.com| -1.5|
|Ben.Aristotle@tes...| -1.5|
|Sean.Fibonnaci@te...| -2.5|
+--------------------+-----+

-------------------------------------------
Batch: 143
-------------------------------------------
+--------------------+-----+
|            customer|score|
+--------------------+-----+
| Dan.Harris@test.com| -4.0|
|Angie.Khatib@test...| -2.0|
+--------------------+-----+

-------------------------------------------
Batch: 144
-------------------------------------------
+--------------------+-----+
|            customer|score|
+--------------------+-----+
|Santosh.Spencer@t...| -2.0|
|Craig.Jones@test.com|-14.5|
|Jason.Mitra@test.com| -9.0|
+--------------------+-----+

-------------------------------------------
Batch: 145
-------------------------------------------
+--------------------+-----+
|            customer|score|
+--------------------+-----+
|Larry.Staples@tes...|-10.0|
|Larry.Clayton@tes...| -8.0|
|   Frank.Wu@test.com|  6.0|
+--------------------+-----+

-------------------------------------------
Batch: 146
-------------------------------------------
+--------------------+-----+
|            customer|score|
+--------------------+-----+
| Jane.Olson@test.com|-30.0|
|David.Jefferson@t...| 21.0|
|Larry.Phillips@te...| -6.0|
+--------------------+-----+

-------------------------------------------
Batch: 147
-------------------------------------------
+--------------------+-----+
|            customer|score|
+--------------------+-----+
|Ashley.Habschied@...| -1.0|
|  Dan.Doshi@test.com|  4.5|
+--------------------+-----+

-------------------------------------------
Batch: 148
-------------------------------------------
+--------------------+-----+
|            customer|score|
+--------------------+-----+
|Larry.Anderson@te...| -3.5|
|Frank.Spencer@tes...| -7.5|
|Spencer.Doshi@tes...|-23.0|
+--------------------+-----+

-------------------------------------------
Batch: 149
-------------------------------------------
+--------------------+-----+
|            customer|score|
+--------------------+-----+
|  Sean.Huey@test.com| 10.0|
|Travis.Jones@test...|-18.0|
|Christina.Habschi...| 25.5|
+--------------------+-----+

-------------------------------------------
Batch: 150
-------------------------------------------
+--------------------+-----+
|            customer|score|
+--------------------+-----+
| Gail.Clark@test.com|  9.0|
|Jacob.Doshi@test.com| -3.0|
|Neeraj.Olson@test...| -3.0|
+--------------------+-----+

-------------------------------------------
Batch: 151
-------------------------------------------
+--------------------+-----+
|            customer|score|
+--------------------+-----+
|Chris.Jackson@tes...| -3.0|
|Chris.Sanchez@tes...| -4.0|
+--------------------+-----+

-------------------------------------------
Batch: 152
-------------------------------------------
+--------------------+-----+
|            customer|score|
+--------------------+-----+
| Jane.Clark@test.com| -2.0|
|Chris.Jones@test.com| -0.5|
|Ben.Aristotle@tes...| -1.0|
+--------------------+-----+

-------------------------------------------
Batch: 153
-------------------------------------------
+--------------------+-----+
|            customer|score|
+--------------------+-----+
|Sean.Fibonnaci@te...| -2.0|
| Dan.Harris@test.com| -4.5|
|Angie.Khatib@test...| -3.0|
+--------------------+-----+

-------------------------------------------
Batch: 154
-------------------------------------------
+--------------------+-----+
|            customer|score|
+--------------------+-----+
|Santosh.Spencer@t...| -2.5|
|Craig.Jones@test.com|  5.5|
|Jason.Mitra@test.com|-13.0|
+--------------------+-----+

-------------------------------------------
Batch: 155
-------------------------------------------
+--------------------+-----+
|            customer|score|
+--------------------+-----+
|Larry.Staples@tes...|-10.5|
|Larry.Clayton@tes...| -1.0|
+--------------------+-----+

-------------------------------------------
Batch: 156
-------------------------------------------
+--------------------+-----+
|            customer|score|
+--------------------+-----+
|   Frank.Wu@test.com|-15.0|
| Jane.Olson@test.com|  4.0|
|David.Jefferson@t...| 15.0|
+--------------------+-----+

-------------------------------------------
Batch: 157
-------------------------------------------
+--------------------+-----+
|            customer|score|
+--------------------+-----+
|Larry.Phillips@te...|  9.5|
|Ashley.Habschied@...|  5.5|
|  Dan.Doshi@test.com|  4.5|
+--------------------+-----+

-------------------------------------------
Batch: 158
-------------------------------------------
+--------------------+-----+
|            customer|score|
+--------------------+-----+
|Larry.Anderson@te...|  1.0|
|Frank.Spencer@tes...|-29.0|
|Spencer.Doshi@tes...|  4.0|
+--------------------+-----+

-------------------------------------------
Batch: 159
-------------------------------------------
+--------------------+-----+
|            customer|score|
+--------------------+-----+
|  Sean.Huey@test.com| 26.5|
|Travis.Jones@test...| 12.5|
|Christina.Habschi...|-14.5|
+--------------------+-----+

-------------------------------------------
Batch: 160
-------------------------------------------
+--------------------+-----+
|            customer|score|
+--------------------+-----+
| Gail.Clark@test.com|  9.5|
|Jacob.Doshi@test.com| -2.5|
|Neeraj.Olson@test...| -3.0|
+--------------------+-----+

-------------------------------------------
Batch: 161
-------------------------------------------
+--------------------+-----+
|            customer|score|
+--------------------+-----+
|Chris.Jackson@tes...| -2.0|
|Chris.Sanchez@tes...| -3.0|
| Jane.Clark@test.com| -3.0|
+--------------------+-----+

-------------------------------------------
Batch: 162
-------------------------------------------
+--------------------+-----+
|            customer|score|
+--------------------+-----+
|Chris.Jones@test.com| -2.5|
|Ben.Aristotle@tes...| -3.0|
+--------------------+-----+

-------------------------------------------
Batch: 163
-------------------------------------------
+--------------------+-----+
|            customer|score|
+--------------------+-----+
|Sean.Fibonnaci@te...| -1.5|
| Dan.Harris@test.com| -4.5|
|Angie.Khatib@test...| -4.0|
+--------------------+-----+

-------------------------------------------
Batch: 164
-------------------------------------------
+--------------------+-----+
|            customer|score|
+--------------------+-----+
|Santosh.Spencer@t...| -3.0|
|Craig.Jones@test.com| 11.5|
|Jason.Mitra@test.com|  1.0|
+--------------------+-----+

-------------------------------------------
Batch: 165
-------------------------------------------
+--------------------+-----+
|            customer|score|
+--------------------+-----+
|Larry.Staples@tes...|  4.0|
|Larry.Clayton@tes...| -1.5|
|   Frank.Wu@test.com|-29.0|
+--------------------+-----+

-------------------------------------------
Batch: 166
-------------------------------------------
+--------------------+-----+
|            customer|score|
+--------------------+-----+
| Jane.Olson@test.com| 12.5|
|David.Jefferson@t...| -9.0|
|Larry.Phillips@te...|  2.5|
+--------------------+-----+

-------------------------------------------
Batch: 167
-------------------------------------------
+--------------------+-----+
|            customer|score|
+--------------------+-----+
|Ashley.Habschied@...| 10.5|
|  Dan.Doshi@test.com| -2.0|
+--------------------+-----+

-------------------------------------------
Batch: 168
-------------------------------------------
+--------------------+-----+
|            customer|score|
+--------------------+-----+
|Larry.Anderson@te...|  1.5|
|Frank.Spencer@tes...|-15.5|
|Spencer.Doshi@tes...| 31.0|
+--------------------+-----+

-------------------------------------------
Batch: 169
-------------------------------------------
+--------------------+-----+
|            customer|score|
+--------------------+-----+
|  Sean.Huey@test.com|-17.5|
|Travis.Jones@test...| 10.0|
|Christina.Habschi...|-34.0|
+--------------------+-----+

-------------------------------------------
Batch: 170
-------------------------------------------
+--------------------+-----+
|            customer|score|
+--------------------+-----+
| Gail.Clark@test.com| -4.5|
|Jacob.Doshi@test.com| -3.0|
|Neeraj.Olson@test...| -4.5|
+--------------------+-----+

-------------------------------------------
Batch: 171
-------------------------------------------
+--------------------+-----+
|            customer|score|
+--------------------+-----+
|Chris.Jackson@tes...| -3.5|
|Chris.Sanchez@tes...| -3.0|
| Jane.Clark@test.com| -2.0|
+--------------------+-----+

-------------------------------------------
Batch: 172
-------------------------------------------
+--------------------+-----+
|            customer|score|
+--------------------+-----+
|Chris.Jones@test.com| -5.0|
|Ben.Aristotle@tes...| -3.5|
|Sean.Fibonnaci@te...| -2.5|
+--------------------+-----+

-------------------------------------------
Batch: 173
-------------------------------------------
+--------------------+-----+
|            customer|score|
+--------------------+-----+
| Dan.Harris@test.com| -4.5|
|Angie.Khatib@test...| -3.0|
|Santosh.Spencer@t...| -3.0|
+--------------------+-----+

-------------------------------------------
Batch: 174
-------------------------------------------
+--------------------+-----+
|            customer|score|
+--------------------+-----+
|Craig.Jones@test.com| -3.0|
|Jason.Mitra@test.com|  8.0|
|Larry.Staples@tes...|  4.0|
+--------------------+-----+

-------------------------------------------
Batch: 175
-------------------------------------------
+--------------------+-----+
|            customer|score|
+--------------------+-----+
|Larry.Clayton@tes...| 11.0|
|   Frank.Wu@test.com|  1.0|
| Jane.Olson@test.com|  9.5|
+--------------------+-----+

-------------------------------------------
Batch: 176
-------------------------------------------
+--------------------+-----+
|            customer|score|
+--------------------+-----+
|David.Jefferson@t...| 18.0|
|Larry.Phillips@te...|  3.5|
+--------------------+-----+

-------------------------------------------
Batch: 177
-------------------------------------------
+--------------------+-----+
|            customer|score|
+--------------------+-----+
|Ashley.Habschied@...|-13.5|
|  Dan.Doshi@test.com| 17.0|
+--------------------+-----+

-------------------------------------------
Batch: 178
-------------------------------------------
+--------------------+-----+
|            customer|score|
+--------------------+-----+
|Larry.Anderson@te...|-12.0|
|Frank.Spencer@tes...|  0.5|
|Spencer.Doshi@tes...|  3.5|
+--------------------+-----+

-------------------------------------------
Batch: 179
-------------------------------------------
+--------------------+-----+
|            customer|score|
+--------------------+-----+
|  Sean.Huey@test.com|-11.5|
|Travis.Jones@test...|  3.0|
+--------------------+-----+

-------------------------------------------
Batch: 180
-------------------------------------------
+--------------------+-----+
|            customer|score|
+--------------------+-----+
|Christina.Habschi...| -5.0|
| Gail.Clark@test.com|-33.5|
|Jacob.Doshi@test.com| -5.0|
+--------------------+-----+

-------------------------------------------
Batch: 181
-------------------------------------------
+--------------------+-----+
|            customer|score|
+--------------------+-----+
|Neeraj.Olson@test...| -4.5|
|Chris.Jackson@tes...| -5.0|
+--------------------+-----+

-------------------------------------------
Batch: 182
-------------------------------------------
+--------------------+-----+
|            customer|score|
+--------------------+-----+
|Chris.Sanchez@tes...| -4.5|
| Jane.Clark@test.com| -2.0|
|Chris.Jones@test.com| -6.0|
+--------------------+-----+

-------------------------------------------
Batch: 183
-------------------------------------------
+--------------------+-----+
|            customer|score|
+--------------------+-----+
|Ben.Aristotle@tes...| -2.5|
|Sean.Fibonnaci@te...| -5.0|
+--------------------+-----+

-------------------------------------------
Batch: 184
-------------------------------------------
+--------------------+-----+
|            customer|score|
+--------------------+-----+
| Dan.Harris@test.com| -4.0|
|Angie.Khatib@test...| -1.0|
+--------------------+-----+

-------------------------------------------
Batch: 185
-------------------------------------------
+--------------------+-----+
|            customer|score|
+--------------------+-----+
|Santosh.Spencer@t...| -3.5|
|Craig.Jones@test.com|  5.0|
|Jason.Mitra@test.com|  2.0|
+--------------------+-----+

-------------------------------------------
Batch: 186
-------------------------------------------
+--------------------+-----+
|            customer|score|
+--------------------+-----+
|Larry.Staples@tes...| 11.5|
|Larry.Clayton@tes...|-11.5|
|   Frank.Wu@test.com| 28.5|
+--------------------+-----+

-------------------------------------------
Batch: 187
-------------------------------------------
+--------------------+-----+
|            customer|score|
+--------------------+-----+
| Jane.Olson@test.com|  6.5|
|David.Jefferson@t...|  5.0|
|Larry.Phillips@te...|  9.5|
+--------------------+-----+

-------------------------------------------
Batch: 188
-------------------------------------------
+--------------------+-----+
|            customer|score|
+--------------------+-----+
|Ashley.Habschied@...| -8.0|
|  Dan.Doshi@test.com|  3.0|
+--------------------+-----+

-------------------------------------------
Batch: 189
-------------------------------------------
+--------------------+-----+
|            customer|score|
+--------------------+-----+
|Larry.Anderson@te...|-12.5|
|Frank.Spencer@tes...|  0.5|
|Spencer.Doshi@tes...| 18.0|
+--------------------+-----+

-------------------------------------------
Batch: 190
-------------------------------------------
+--------------------+-----+
|            customer|score|
+--------------------+-----+
|  Sean.Huey@test.com| 16.5|
|Travis.Jones@test...| 11.5|
+--------------------+-----+

-------------------------------------------
Batch: 191
-------------------------------------------
+--------------------+-----+
|            customer|score|
+--------------------+-----+
|Christina.Habschi...| 17.0|
| Gail.Clark@test.com|-25.0|
|Jacob.Doshi@test.com| -5.0|
+--------------------+-----+

-------------------------------------------
Batch: 192
-------------------------------------------
+--------------------+-----+
|            customer|score|
+--------------------+-----+
|Neeraj.Olson@test...| -2.0|
|Chris.Jackson@tes...| -5.0|
+--------------------+-----+

-------------------------------------------
Batch: 193
-------------------------------------------
+--------------------+-----+
|            customer|score|
+--------------------+-----+
|Chris.Sanchez@tes...| -4.0|
| Jane.Clark@test.com| -3.5|
|Chris.Jones@test.com| -5.5|
+--------------------+-----+

-------------------------------------------
Batch: 194
-------------------------------------------
+--------------------+-----+
|            customer|score|
+--------------------+-----+
|Ben.Aristotle@tes...| -2.0|
|Sean.Fibonnaci@te...| -4.5|
+--------------------+-----+

-------------------------------------------
Batch: 195
-------------------------------------------
+--------------------+-----+
|            customer|score|
+--------------------+-----+
| Dan.Harris@test.com| -3.5|
|Angie.Khatib@test...| -1.5|
|Santosh.Spencer@t...| -2.5|
+--------------------+-----+

-------------------------------------------
Batch: 196
-------------------------------------------
+--------------------+-----+
|            customer|score|
+--------------------+-----+
|Craig.Jones@test.com| 17.0|
|Jason.Mitra@test.com|-10.5|
+--------------------+-----+

-------------------------------------------
Batch: 197
-------------------------------------------
+--------------------+-----+
|            customer|score|
+--------------------+-----+
|Larry.Staples@tes...| 28.0|
|Larry.Clayton@tes...|-44.5|
+--------------------+-----+

-------------------------------------------
Batch: 198
-------------------------------------------
+--------------------+-----+
|            customer|score|
+--------------------+-----+
|   Frank.Wu@test.com| 28.5|
| Jane.Olson@test.com|-16.5|
|David.Jefferson@t...|-10.5|
+--------------------+-----+

-------------------------------------------
Batch: 199
-------------------------------------------
+--------------------+-----+
|            customer|score|
+--------------------+-----+
|Larry.Phillips@te...|-22.5|
|Ashley.Habschied@...| 24.5|
+--------------------+-----+

-------------------------------------------
Batch: 200
-------------------------------------------
+--------------------+-----+
|            customer|score|
+--------------------+-----+
|  Dan.Doshi@test.com| -2.5|
|Larry.Anderson@te...| -3.0|
+--------------------+-----+

-------------------------------------------
Batch: 201
-------------------------------------------
+--------------------+-----+
|            customer|score|
+--------------------+-----+
|Frank.Spencer@tes...| -5.5|
|Spencer.Doshi@tes...| 14.5|
|  Sean.Huey@test.com| 10.0|
+--------------------+-----+

-------------------------------------------
Batch: 202
-------------------------------------------
+--------------------+-----+
|            customer|score|
+--------------------+-----+
|Travis.Jones@test...| -8.5|
|Christina.Habschi...| 27.0|
+--------------------+-----+

-------------------------------------------
Batch: 203
-------------------------------------------
+--------------------+-----+
|            customer|score|
+--------------------+-----+
| Gail.Clark@test.com|  3.5|
|Jacob.Doshi@test.com| -2.5|
+--------------------+-----+

-------------------------------------------
Batch: 204
-------------------------------------------
+--------------------+-----+
|            customer|score|
+--------------------+-----+
|Neeraj.Olson@test...| -2.0|
|Chris.Jackson@tes...| -5.0|
|Chris.Sanchez@tes...| -3.5|
+--------------------+-----+

-------------------------------------------
Batch: 205
-------------------------------------------
+--------------------+-----+
|            customer|score|
+--------------------+-----+
| Jane.Clark@test.com| -3.0|
|Chris.Jones@test.com| -3.5|
+--------------------+-----+

-------------------------------------------
Batch: 206
-------------------------------------------
+--------------------+-----+
|            customer|score|
+--------------------+-----+
|Ben.Aristotle@tes...| -2.0|
|Sean.Fibonnaci@te...| -1.5|
| Dan.Harris@test.com| -3.0|
+--------------------+-----+

-------------------------------------------
Batch: 207
-------------------------------------------
+--------------------+-----+
|            customer|score|
+--------------------+-----+
|Angie.Khatib@test...| -4.5|
|Santosh.Spencer@t...| -1.5|
+--------------------+-----+

-------------------------------------------
Batch: 208
-------------------------------------------
+--------------------+-----+
|            customer|score|
+--------------------+-----+
|Craig.Jones@test.com| 16.0|
|Jason.Mitra@test.com| -3.5|
+--------------------+-----+

-------------------------------------------
Batch: 209
-------------------------------------------
+--------------------+-----+
|            customer|score|
+--------------------+-----+
|Larry.Staples@tes...|-16.0|
|Larry.Clayton@tes...| -0.5|
|   Frank.Wu@test.com| 12.0|
+--------------------+-----+

-------------------------------------------
Batch: 210
-------------------------------------------
+--------------------+-----+
|            customer|score|
+--------------------+-----+
| Jane.Olson@test.com|  1.5|
|David.Jefferson@t...|-11.0|
+--------------------+-----+

-------------------------------------------
Batch: 211
-------------------------------------------
+--------------------+-----+
|            customer|score|
+--------------------+-----+
|Larry.Phillips@te...|-15.0|
|Ashley.Habschied@...| 27.5|
+--------------------+-----+

-------------------------------------------
Batch: 212
-------------------------------------------
+--------------------+-----+
|            customer|score|
+--------------------+-----+
|  Dan.Doshi@test.com| -2.5|
|Larry.Anderson@te...| -6.0|
|Frank.Spencer@tes...| 16.0|
+--------------------+-----+

-------------------------------------------
Batch: 213
-------------------------------------------
+--------------------+-----+
|            customer|score|
+--------------------+-----+
|Spencer.Doshi@tes...|-26.5|
|  Sean.Huey@test.com| 11.5|
+--------------------+-----+

-------------------------------------------
Batch: 214
-------------------------------------------
+--------------------+-----+
|            customer|score|
+--------------------+-----+
|Travis.Jones@test...|-18.0|
|Christina.Habschi...| 16.0|
| Gail.Clark@test.com|  1.5|
+--------------------+-----+

-------------------------------------------
Batch: 215
-------------------------------------------
+--------------------+-----+
|            customer|score|
+--------------------+-----+
|Jacob.Doshi@test.com| -2.0|
|Neeraj.Olson@test...| -2.5|
+--------------------+-----+

-------------------------------------------
Batch: 216
-------------------------------------------
+--------------------+-----+
|            customer|score|
+--------------------+-----+
|Chris.Jackson@tes...| -4.5|
|Chris.Sanchez@tes...| -4.0|
| Jane.Clark@test.com| -2.5|
+--------------------+-----+

-------------------------------------------
Batch: 217
-------------------------------------------
+--------------------+-----+
|            customer|score|
+--------------------+-----+
|Chris.Jones@test.com| -2.5|
|Ben.Aristotle@tes...| -2.0|
+--------------------+-----+

-------------------------------------------
Batch: 218
-------------------------------------------
+--------------------+-----+
|            customer|score|
+--------------------+-----+
|Sean.Fibonnaci@te...| -1.5|
| Dan.Harris@test.com| -4.5|
|Angie.Khatib@test...| -5.0|
+--------------------+-----+

-------------------------------------------
Batch: 219
-------------------------------------------
+--------------------+-----+
|            customer|score|
+--------------------+-----+
|Santosh.Spencer@t...| -2.0|
|Craig.Jones@test.com|  3.5|
+--------------------+-----+

-------------------------------------------
Batch: 220
-------------------------------------------
+--------------------+-----+
|            customer|score|
+--------------------+-----+
|Jason.Mitra@test.com|  0.5|
|Larry.Staples@tes...|-26.5|
+--------------------+-----+

-------------------------------------------
Batch: 221
-------------------------------------------
+--------------------+-----+
|            customer|score|
+--------------------+-----+
|Larry.Clayton@tes...| 46.5|
|   Frank.Wu@test.com|-30.0|
| Jane.Olson@test.com| 23.5|
+--------------------+-----+

-------------------------------------------
Batch: 222
-------------------------------------------
+--------------------+-----+
|            customer|score|
+--------------------+-----+
|David.Jefferson@t...|-20.5|
|Larry.Phillips@te...| 19.5|
+--------------------+-----+

-------------------------------------------
Batch: 223
-------------------------------------------
+--------------------+-----+
|            customer|score|
+--------------------+-----+
|Ashley.Habschied@...|  8.5|
|  Dan.Doshi@test.com| -5.0|
+--------------------+-----+

-------------------------------------------
Batch: 224
-------------------------------------------
+--------------------+-----+
|            customer|score|
+--------------------+-----+
|Larry.Anderson@te...| 17.5|
|Frank.Spencer@tes...| 19.0|
|Spencer.Doshi@tes...|-29.0|
+--------------------+-----+

-------------------------------------------
Batch: 225
-------------------------------------------
+--------------------+-----+
|            customer|score|
+--------------------+-----+
|  Sean.Huey@test.com| -3.5|
|Travis.Jones@test...|  6.0|
+--------------------+-----+

-------------------------------------------
Batch: 226
-------------------------------------------
+--------------------+-----+
|            customer|score|
+--------------------+-----+
|Christina.Habschi...|-22.0|
| Gail.Clark@test.com|  7.5|
+--------------------+-----+

-------------------------------------------
Batch: 227
-------------------------------------------
+--------------------+-----+
|            customer|score|
+--------------------+-----+
|Jacob.Doshi@test.com| -4.5|
|Neeraj.Olson@test...| -1.5|
|Chris.Jackson@tes...| -4.5|
+--------------------+-----+

-------------------------------------------
Batch: 228
-------------------------------------------
+--------------------+-----+
|            customer|score|
+--------------------+-----+
|Chris.Sanchez@tes...| -3.5|
| Jane.Clark@test.com| -2.5|
+--------------------+-----+

-------------------------------------------
Batch: 229
-------------------------------------------
+--------------------+-----+
|            customer|score|
+--------------------+-----+
|Chris.Jones@test.com| -4.0|
|Ben.Aristotle@tes...| -1.5|
|Sean.Fibonnaci@te...| -4.5|
+--------------------+-----+

-------------------------------------------
Batch: 230
-------------------------------------------
+--------------------+-----+
|            customer|score|
+--------------------+-----+
| Dan.Harris@test.com| -5.0|
|Angie.Khatib@test...| -3.5|
+--------------------+-----+

-------------------------------------------
Batch: 231
-------------------------------------------
+--------------------+-----+
|            customer|score|
+--------------------+-----+
|Santosh.Spencer@t...| -2.5|
|Craig.Jones@test.com| -1.5|
|Jason.Mitra@test.com| -3.5|
+--------------------+-----+

-------------------------------------------
Batch: 232
-------------------------------------------
+--------------------+-----+
|            customer|score|
+--------------------+-----+
|Larry.Staples@tes...|  6.0|
|Larry.Clayton@tes...| 10.5|
+--------------------+-----+

-------------------------------------------
Batch: 233
-------------------------------------------
+-------------------+-----+
|           customer|score|
+-------------------+-----+
|  Frank.Wu@test.com|-37.5|
|Jane.Olson@test.com| -7.5|
+-------------------+-----+

-------------------------------------------
Batch: 234
-------------------------------------------
+--------------------+-----+
|            customer|score|
+--------------------+-----+
|David.Jefferson@t...| 17.0|
|Larry.Phillips@te...| 29.0|
|Ashley.Habschied@...|-18.5|
+--------------------+-----+

-------------------------------------------
Batch: 235
-------------------------------------------
+--------------------+-----+
|            customer|score|
+--------------------+-----+
|  Dan.Doshi@test.com| 30.5|
|Larry.Anderson@te...| 47.5|
+--------------------+-----+

-------------------------------------------
Batch: 236
-------------------------------------------
+--------------------+-----+
|            customer|score|
+--------------------+-----+
|Frank.Spencer@tes...|-17.0|
|Spencer.Doshi@tes...| 10.0|
|  Sean.Huey@test.com| -5.0|
+--------------------+-----+

-------------------------------------------
Batch: 237
-------------------------------------------
+--------------------+-----+
|            customer|score|
+--------------------+-----+
|Travis.Jones@test...|  2.5|
|Christina.Habschi...|-17.5|
+--------------------+-----+

-------------------------------------------
Batch: 238
-------------------------------------------
+--------------------+-----+
|            customer|score|
+--------------------+-----+
| Gail.Clark@test.com| 16.5|
|Jacob.Doshi@test.com| -5.5|
|Neeraj.Olson@test...| -1.0|
+--------------------+-----+

-------------------------------------------
Batch: 239
-------------------------------------------
+--------------------+-----+
|            customer|score|
+--------------------+-----+
|Chris.Jackson@tes...| -4.0|
|Chris.Sanchez@tes...| -3.5|
+--------------------+-----+

-------------------------------------------
Batch: 240
-------------------------------------------
+--------------------+-----+
|            customer|score|
+--------------------+-----+
| Jane.Clark@test.com| -1.5|
|Chris.Jones@test.com| -3.5|
+--------------------+-----+

-------------------------------------------
Batch: 241
-------------------------------------------
+--------------------+-----+
|            customer|score|
+--------------------+-----+
|Ben.Aristotle@tes...| -2.0|
|Sean.Fibonnaci@te...| -6.0|
| Dan.Harris@test.com| -2.5|
+--------------------+-----+

-------------------------------------------
Batch: 242
-------------------------------------------
+--------------------+-----+
|            customer|score|
+--------------------+-----+
|Angie.Khatib@test...| -3.0|
|Santosh.Spencer@t...| -4.5|
+--------------------+-----+

-------------------------------------------
Batch: 243
-------------------------------------------
+--------------------+-----+
|            customer|score|
+--------------------+-----+
|Craig.Jones@test.com|  5.5|
|Jason.Mitra@test.com| -1.0|
+--------------------+-----+

-------------------------------------------
Batch: 244
-------------------------------------------
+--------------------+-----+
|            customer|score|
+--------------------+-----+
|Larry.Staples@tes...| 13.5|
|Larry.Clayton@tes...|-23.0|
|   Frank.Wu@test.com| -8.5|
+--------------------+-----+

-------------------------------------------
Batch: 245
-------------------------------------------
+--------------------+-----+
|            customer|score|
+--------------------+-----+
| Jane.Olson@test.com|-18.0|
|David.Jefferson@t...| 30.0|
+--------------------+-----+

-------------------------------------------
Batch: 246
-------------------------------------------
+--------------------+-----+
|            customer|score|
+--------------------+-----+
|Larry.Phillips@te...| 12.5|
|Ashley.Habschied@...|-21.5|
|  Dan.Doshi@test.com| 30.0|
+--------------------+-----+

-------------------------------------------
Batch: 247
-------------------------------------------
+--------------------+-----+
|            customer|score|
+--------------------+-----+
|Larry.Anderson@te...|  7.0|
|Frank.Spencer@tes...|  9.5|
+--------------------+-----+

-------------------------------------------
Batch: 248
-------------------------------------------
+--------------------+-----+
|            customer|score|
+--------------------+-----+
|Spencer.Doshi@tes...| 10.0|
|  Sean.Huey@test.com| -2.5|
+--------------------+-----+

-------------------------------------------
Batch: 249
-------------------------------------------
+--------------------+-----+
|            customer|score|
+--------------------+-----+
|Travis.Jones@test...|-13.5|
|Christina.Habschi...| 18.5|
| Gail.Clark@test.com| -3.0|
+--------------------+-----+

-------------------------------------------
Batch: 250
-------------------------------------------
+--------------------+-----+
|            customer|score|
+--------------------+-----+
|Jacob.Doshi@test.com| -4.0|
|Neeraj.Olson@test...| -1.5|
+--------------------+-----+

-------------------------------------------
Batch: 251
-------------------------------------------
+--------------------+-----+
|            customer|score|
+--------------------+-----+
|Chris.Jackson@tes...| -3.0|
|Chris.Sanchez@tes...| -3.0|
| Jane.Clark@test.com| -1.5|
+--------------------+-----+

-------------------------------------------
Batch: 252
-------------------------------------------
+--------------------+-----+
|            customer|score|
+--------------------+-----+
|Chris.Jones@test.com| -1.0|
|Ben.Aristotle@tes...| -4.5|
|Sean.Fibonnaci@te...| -4.5|
+--------------------+-----+

-------------------------------------------
Batch: 253
-------------------------------------------
+--------------------+-----+
|            customer|score|
+--------------------+-----+
| Dan.Harris@test.com| -2.0|
|Angie.Khatib@test...| -3.5|
+--------------------+-----+

-------------------------------------------
Batch: 254
-------------------------------------------
+--------------------+-----+
|            customer|score|
+--------------------+-----+
|Santosh.Spencer@t...| -6.0|
|Craig.Jones@test.com|-12.5|
|Jason.Mitra@test.com|  7.5|
+--------------------+-----+

-------------------------------------------
Batch: 255
-------------------------------------------
+--------------------+-----+
|            customer|score|
+--------------------+-----+
|Larry.Staples@tes...|  4.0|
|Larry.Clayton@tes...|  5.5|
|   Frank.Wu@test.com| -6.5|
+--------------------+-----+

-------------------------------------------
Batch: 256
-------------------------------------------
+--------------------+-----+
|            customer|score|
+--------------------+-----+
| Jane.Olson@test.com| 24.5|
|David.Jefferson@t...|  4.5|
+--------------------+-----+

-------------------------------------------
Batch: 257
-------------------------------------------
+--------------------+-----+
|            customer|score|
+--------------------+-----+
|Larry.Phillips@te...|  0.5|
|Ashley.Habschied@...|  0.0|
|  Dan.Doshi@test.com| -3.5|
+--------------------+-----+

-------------------------------------------
Batch: 258
-------------------------------------------
+--------------------+-----+
|            customer|score|
+--------------------+-----+
|Larry.Anderson@te...|-30.5|
|Frank.Spencer@tes...| 35.5|
|Spencer.Doshi@tes...|-30.5|
+--------------------+-----+

-------------------------------------------
Batch: 259
-------------------------------------------
+--------------------+-----+
|            customer|score|
+--------------------+-----+
|  Sean.Huey@test.com|-11.5|
|Travis.Jones@test...| 16.0|
+--------------------+-----+

-------------------------------------------
Batch: 260
-------------------------------------------
+--------------------+-----+
|            customer|score|
+--------------------+-----+
|Christina.Habschi...| 16.5|
| Gail.Clark@test.com|  2.5|
|Jacob.Doshi@test.com| -2.5|
+--------------------+-----+

-------------------------------------------
Batch: 261
-------------------------------------------
+--------------------+-----+
|            customer|score|
+--------------------+-----+
|Neeraj.Olson@test...| -3.0|
|Chris.Jackson@tes...| -4.5|
+--------------------+-----+

-------------------------------------------
Batch: 262
-------------------------------------------
+--------------------+-----+
|            customer|score|
+--------------------+-----+
|Chris.Sanchez@tes...| -1.0|
| Jane.Clark@test.com| -2.5|
|Chris.Jones@test.com| -1.0|
+--------------------+-----+

-------------------------------------------
Batch: 263
-------------------------------------------
+--------------------+-----+
|            customer|score|
+--------------------+-----+
|Ben.Aristotle@tes...| -5.0|
|Sean.Fibonnaci@te...| -1.5|
+--------------------+-----+

-------------------------------------------
Batch: 264
-------------------------------------------
+--------------------+-----+
|            customer|score|
+--------------------+-----+
| Dan.Harris@test.com| -3.0|
|Angie.Khatib@test...| -3.5|
+--------------------+-----+

-------------------------------------------
Batch: 265
-------------------------------------------
+--------------------+-----+
|            customer|score|
+--------------------+-----+
|Santosh.Spencer@t...| -5.0|
|Craig.Jones@test.com|-13.0|
|Jason.Mitra@test.com|  7.5|
+--------------------+-----+

-------------------------------------------
Batch: 266
-------------------------------------------
+--------------------+-----+
|            customer|score|
+--------------------+-----+
|Larry.Staples@tes...| -1.0|
|Larry.Clayton@tes...|  1.0|
+--------------------+-----+

-------------------------------------------
Batch: 267
-------------------------------------------
+--------------------+-----+
|            customer|score|
+--------------------+-----+
|   Frank.Wu@test.com| 20.5|
| Jane.Olson@test.com| 26.5|
|David.Jefferson@t...| -0.5|
+--------------------+-----+

-------------------------------------------
Batch: 268
-------------------------------------------
+--------------------+-----+
|            customer|score|
+--------------------+-----+
|Larry.Phillips@te...|  3.0|
|Ashley.Habschied@...|-15.5|
+--------------------+-----+

-------------------------------------------
Batch: 269
-------------------------------------------
+--------------------+-----+
|            customer|score|
+--------------------+-----+
|  Dan.Doshi@test.com|-19.5|
|Larry.Anderson@te...| -4.5|
|Frank.Spencer@tes...|  9.0|
+--------------------+-----+

-------------------------------------------
Batch: 270
-------------------------------------------
+--------------------+-----+
|            customer|score|
+--------------------+-----+
|Spencer.Doshi@tes...|-11.0|
|  Sean.Huey@test.com| 12.5|
|Travis.Jones@test...| 14.0|
+--------------------+-----+

-------------------------------------------
Batch: 271
-------------------------------------------
+--------------------+-----+
|            customer|score|
+--------------------+-----+
|Christina.Habschi...| -7.0|
| Gail.Clark@test.com|  8.5|
|Jacob.Doshi@test.com| -3.0|
+--------------------+-----+

-------------------------------------------
Batch: 272
-------------------------------------------
+--------------------+-----+
|            customer|score|
+--------------------+-----+
|Neeraj.Olson@test...| -4.5|
|Chris.Jackson@tes...| -6.0|
+--------------------+-----+

-------------------------------------------
Batch: 273
-------------------------------------------
+--------------------+-----+
|            customer|score|
+--------------------+-----+
|Chris.Sanchez@tes...| -1.0|
| Jane.Clark@test.com| -3.5|
|Chris.Jones@test.com| -3.5|
+--------------------+-----+

-------------------------------------------
Batch: 274
-------------------------------------------
+--------------------+-----+
|            customer|score|
+--------------------+-----+
|Ben.Aristotle@tes...| -4.0|
|Sean.Fibonnaci@te...| -0.5|
+--------------------+-----+

-------------------------------------------
Batch: 275
-------------------------------------------
+--------------------+-----+
|            customer|score|
+--------------------+-----+
| Dan.Harris@test.com| -2.5|
|Angie.Khatib@test...| -2.5|
|Santosh.Spencer@t...| -3.0|
+--------------------+-----+

-------------------------------------------
Batch: 276
-------------------------------------------
+--------------------+-----+
|            customer|score|
+--------------------+-----+
|Craig.Jones@test.com| 10.0|
|Jason.Mitra@test.com| -3.0|
+--------------------+-----+

-------------------------------------------
Batch: 277
-------------------------------------------
+--------------------+-----+
|            customer|score|
+--------------------+-----+
|Larry.Staples@tes...| 13.0|
|Larry.Clayton@tes...|-19.0|
|   Frank.Wu@test.com| 38.5|
+--------------------+-----+

-------------------------------------------
Batch: 278
-------------------------------------------
+--------------------+-----+
|            customer|score|
+--------------------+-----+
| Jane.Olson@test.com| -9.0|
|David.Jefferson@t...|-17.0|
+--------------------+-----+

-------------------------------------------
Batch: 279
-------------------------------------------
+--------------------+-----+
|            customer|score|
+--------------------+-----+
|Larry.Phillips@te...| -9.5|
|Ashley.Habschied@...|-20.5|
|  Dan.Doshi@test.com| -5.0|
+--------------------+-----+

-------------------------------------------
Batch: 280
-------------------------------------------
+--------------------+-----+
|            customer|score|
+--------------------+-----+
|Larry.Anderson@te...|  0.0|
|Frank.Spencer@tes...|-20.0|
+--------------------+-----+

-------------------------------------------
Batch: 281
-------------------------------------------
+--------------------+-----+
|            customer|score|
+--------------------+-----+
|Spencer.Doshi@tes...| 36.0|
|  Sean.Huey@test.com|  5.0|
|Travis.Jones@test...|-11.0|
+--------------------+-----+

-------------------------------------------
Batch: 282
-------------------------------------------
+--------------------+-----+
|            customer|score|
+--------------------+-----+
|Christina.Habschi...|  8.0|
| Gail.Clark@test.com| -6.0|
|Jacob.Doshi@test.com| -4.5|
+--------------------+-----+

-------------------------------------------
Batch: 283
-------------------------------------------
+--------------------+-----+
|            customer|score|
+--------------------+-----+
|Neeraj.Olson@test...| -5.0|
|Chris.Jackson@tes...| -6.0|
+--------------------+-----+

-------------------------------------------
Batch: 284
-------------------------------------------
+--------------------+-----+
|            customer|score|
+--------------------+-----+
|Chris.Sanchez@tes...| -3.5|
| Jane.Clark@test.com| -3.0|
|Chris.Jones@test.com| -5.5|
+--------------------+-----+

-------------------------------------------
Batch: 285
-------------------------------------------
+--------------------+-----+
|            customer|score|
+--------------------+-----+
|Ben.Aristotle@tes...| -4.5|
|Sean.Fibonnaci@te...| -2.5|
+--------------------+-----+

-------------------------------------------
Batch: 286
-------------------------------------------
+--------------------+-----+
|            customer|score|
+--------------------+-----+
| Dan.Harris@test.com| -2.0|
|Angie.Khatib@test...| -2.0|
|Santosh.Spencer@t...| -3.0|
+--------------------+-----+

-------------------------------------------
Batch: 287
-------------------------------------------
+--------------------+-----+
|            customer|score|
+--------------------+-----+
|Craig.Jones@test.com|  3.5|
|Jason.Mitra@test.com|  4.5|
+--------------------+-----+

-------------------------------------------
Batch: 288
-------------------------------------------
+--------------------+-----+
|            customer|score|
+--------------------+-----+
|Larry.Staples@tes...|-10.0|
|Larry.Clayton@tes...| -2.0|
|   Frank.Wu@test.com|-10.0|
+--------------------+-----+

-------------------------------------------
Batch: 289
-------------------------------------------
+--------------------+-----+
|            customer|score|
+--------------------+-----+
| Jane.Olson@test.com| -1.5|
|David.Jefferson@t...|-26.0|
+--------------------+-----+

-------------------------------------------
Batch: 290
-------------------------------------------
+--------------------+-----+
|            customer|score|
+--------------------+-----+
|Larry.Phillips@te...| -5.0|
|Ashley.Habschied@...| 12.0|
|  Dan.Doshi@test.com|  4.5|
+--------------------+-----+

-------------------------------------------
Batch: 291
-------------------------------------------
+--------------------+-----+
|            customer|score|
+--------------------+-----+
|Larry.Anderson@te...|-23.5|
|Frank.Spencer@tes...|-24.0|
+--------------------+-----+

-------------------------------------------
Batch: 292
-------------------------------------------
+--------------------+-----+
|            customer|score|
+--------------------+-----+
|Spencer.Doshi@tes...| 18.5|
|  Sean.Huey@test.com|-13.5|
|Travis.Jones@test...|  7.5|
+--------------------+-----+

-------------------------------------------
Batch: 293
-------------------------------------------
+--------------------+-----+
|            customer|score|
+--------------------+-----+
|Christina.Habschi...|  1.0|
| Gail.Clark@test.com| 10.0|
+--------------------+-----+

-------------------------------------------
Batch: 294
-------------------------------------------
+--------------------+-----+
|            customer|score|
+--------------------+-----+
|Jacob.Doshi@test.com| -3.5|
|Neeraj.Olson@test...| -4.5|
|Chris.Jackson@tes...| -5.5|
+--------------------+-----+

-------------------------------------------
Batch: 295
-------------------------------------------
+--------------------+-----+
|            customer|score|
+--------------------+-----+
|Chris.Sanchez@tes...| -4.0|
| Jane.Clark@test.com| -1.0|
+--------------------+-----+

-------------------------------------------
Batch: 296
-------------------------------------------
+--------------------+-----+
|            customer|score|
+--------------------+-----+
|Chris.Jones@test.com| -4.5|
|Ben.Aristotle@tes...| -4.0|
|Sean.Fibonnaci@te...| -4.5|
+--------------------+-----+

-------------------------------------------
Batch: 297
-------------------------------------------
+--------------------+-----+
|            customer|score|
+--------------------+-----+
| Dan.Harris@test.com| -1.5|
|Angie.Khatib@test...| -1.0|
+--------------------+-----+

-------------------------------------------
Batch: 298
-------------------------------------------
+--------------------+-----+
|            customer|score|
+--------------------+-----+
|Santosh.Spencer@t...| -4.0|
|Craig.Jones@test.com| -8.0|
|Jason.Mitra@test.com|  5.5|
+--------------------+-----+

-------------------------------------------
Batch: 299
-------------------------------------------
+--------------------+-----+
|            customer|score|
+--------------------+-----+
|Larry.Staples@tes...|-37.0|
|Larry.Clayton@tes...|  1.0|
|   Frank.Wu@test.com|-39.0|
+--------------------+-----+

-------------------------------------------
Batch: 300
-------------------------------------------
+--------------------+-----+
|            customer|score|
+--------------------+-----+
| Jane.Olson@test.com|-11.5|
|David.Jefferson@t...|  5.5|
+--------------------+-----+

-------------------------------------------
Batch: 301
-------------------------------------------
+--------------------+-----+
|            customer|score|
+--------------------+-----+
|Larry.Phillips@te...| -1.5|
|Ashley.Habschied@...| 17.0|
|  Dan.Doshi@test.com| -8.0|
+--------------------+-----+

-------------------------------------------
Batch: 302
-------------------------------------------
+--------------------+-----+
|            customer|score|
+--------------------+-----+
|Larry.Anderson@te...|-14.5|
|Frank.Spencer@tes...| 12.5|
|Spencer.Doshi@tes...|-12.0|
+--------------------+-----+

-------------------------------------------
Batch: 303
-------------------------------------------
+--------------------+-----+
|            customer|score|
+--------------------+-----+
|  Sean.Huey@test.com| -0.5|
|Travis.Jones@test...| -3.5|
|Christina.Habschi...|-30.0|
+--------------------+-----+

-------------------------------------------
Batch: 304
-------------------------------------------
+--------------------+-----+
|            customer|score|
+--------------------+-----+
| Gail.Clark@test.com|  2.0|
|Jacob.Doshi@test.com| -2.0|
|Neeraj.Olson@test...| -4.5|
+--------------------+-----+

-------------------------------------------
Batch: 305
-------------------------------------------
+--------------------+-----+
|            customer|score|
+--------------------+-----+
|Chris.Jackson@tes...| -5.0|
|Chris.Sanchez@tes...| -3.0|
+--------------------+-----+

-------------------------------------------
Batch: 306
-------------------------------------------
+--------------------+-----+
|            customer|score|
+--------------------+-----+
| Jane.Clark@test.com| -0.5|
|Chris.Jones@test.com| -1.5|
|Ben.Aristotle@tes...| -3.5|
+--------------------+-----+

-------------------------------------------
Batch: 307
-------------------------------------------
+--------------------+-----+
|            customer|score|
+--------------------+-----+
|Sean.Fibonnaci@te...| -3.5|
| Dan.Harris@test.com| -1.0|
|Angie.Khatib@test...| -1.0|
+--------------------+-----+

-------------------------------------------
Batch: 308
-------------------------------------------
+--------------------+-----+
|            customer|score|
+--------------------+-----+
|Santosh.Spencer@t...| -3.5|
|Craig.Jones@test.com|  4.5|
|Jason.Mitra@test.com| 14.5|
+--------------------+-----+

