263:C 12 Oct 2024 12:40:07.553 # oO0OoO0OoO0Oo Redis is starting oO0OoO0OoO0Oo
263:C 12 Oct 2024 12:40:07.553 # Redis version=6.0.6, bits=64, commit=00000000, modified=0, pid=263, just started
263:C 12 Oct 2024 12:40:07.553 # Configuration loaded
                _._                                                  
           _.-``__ ''-._                                             
      _.-``    `.  `_.  ''-._           Redis 6.0.6 (00000000/0) 64 bit
  .-`` .-```.  ```\/    _.,_ ''-._                                   
 (    '      ,       .-`  | `,    )     Running in standalone mode
 |`-._`-...-` __...-.``-._|'` _.-'|     Port: 6379
 |    `-._   `._    /     _.-'    |     PID: 263
  `-._    `-._  `-./  _.-'    _.-'                                   
 |`-._`-._    `-.__.-'    _.-'_.-'|                                  
 |    `-._`-._        _.-'_.-'    |           http://redis.io        
  `-._    `-._`-.__.-'_.-'    _.-'                                   
 |`-._`-._    `-.__.-'    _.-'_.-'|                                  
 |    `-._`-._        _.-'_.-'    |                                  
  `-._    `-._`-.__.-'_.-'    _.-'                                   
      `-._    `-.__.-'    _.-'                                       
          `-._        _.-'                                           
              `-.__.-'                                               

263:M 12 Oct 2024 12:40:07.556 # Server initialized
263:M 12 Oct 2024 12:40:07.556 # WARNING you have Transparent Huge Pages (THP) support enabled in your kernel. This will create latency and memory usage issues with Redis. To fix this issue run the command 'echo never > /sys/kernel/mm/transparent_hugepage/enabled' as root, and add it to your /etc/rc.local in order to retain the setting after a reboot. Redis must be restarted after THP is disabled.
263:M 12 Oct 2024 12:40:07.557 * Ready to accept connections
263:M 12 Oct 2024 12:40:41.620 * Replica 127.0.0.1:33254 asks for synchronization
263:M 12 Oct 2024 12:40:41.620 * Partial resynchronization not accepted: Replication ID mismatch (Replica asked for 'cfc9672c274a93dba092454fd4865a242d40fd01', my replication IDs are '47304fc71e66d6bd5981840a735416f3cb489aaf' and '0000000000000000000000000000000000000000')
263:M 12 Oct 2024 12:40:41.620 * Replication backlog created, my new replication IDs are '5d83addbc089480f8ff56cc170328e778056d534' and '0000000000000000000000000000000000000000'
263:M 12 Oct 2024 12:40:41.620 * Starting BGSAVE for SYNC with target: disk
263:M 12 Oct 2024 12:40:41.620 * Background saving started by pid 1277
1277:C 12 Oct 2024 12:40:41.624 * DB saved on disk
1277:C 12 Oct 2024 12:40:41.624 * RDB: 0 MB of memory used by copy-on-write
263:M 12 Oct 2024 12:40:41.720 * Background saving terminated with success
263:M 12 Oct 2024 12:40:41.720 * Synchronization with replica 127.0.0.1:33254 succeeded
263:M 12 Oct 2024 12:52:55.813 * 10 changes in 300 seconds. Saving...
263:M 12 Oct 2024 12:52:56.362 * Background saving started by pid 2166
2166:C 12 Oct 2024 12:52:57.177 * DB saved on disk
2166:C 12 Oct 2024 12:52:57.178 * RDB: 0 MB of memory used by copy-on-write
263:M 12 Oct 2024 12:52:57.265 * Background saving terminated with success
263:M 12 Oct 2024 12:57:58.022 * 10 changes in 300 seconds. Saving...
263:M 12 Oct 2024 12:57:58.023 * Background saving started by pid 3088
3088:C 12 Oct 2024 12:57:58.047 * DB saved on disk
3088:C 12 Oct 2024 12:57:58.048 * RDB: 0 MB of memory used by copy-on-write
263:M 12 Oct 2024 12:57:58.123 * Background saving terminated with success
263:M 12 Oct 2024 13:02:59.021 * 10 changes in 300 seconds. Saving...
263:M 12 Oct 2024 13:02:59.021 * Background saving started by pid 5448
5448:C 12 Oct 2024 13:02:59.026 * DB saved on disk
5448:C 12 Oct 2024 13:02:59.026 * RDB: 0 MB of memory used by copy-on-write
263:M 12 Oct 2024 13:02:59.122 * Background saving terminated with success
263:M 12 Oct 2024 13:08:00.018 * 10 changes in 300 seconds. Saving...
263:M 12 Oct 2024 13:08:00.018 * Background saving started by pid 8118
8118:C 12 Oct 2024 13:08:00.121 * DB saved on disk
8118:C 12 Oct 2024 13:08:00.122 * RDB: 0 MB of memory used by copy-on-write
263:M 12 Oct 2024 13:08:00.219 * Background saving terminated with success
263:M 12 Oct 2024 13:13:01.024 * 10 changes in 300 seconds. Saving...
263:M 12 Oct 2024 13:13:01.025 * Background saving started by pid 10784
10784:C 12 Oct 2024 13:13:01.052 * DB saved on disk
10784:C 12 Oct 2024 13:13:01.052 * RDB: 0 MB of memory used by copy-on-write
263:M 12 Oct 2024 13:13:01.125 * Background saving terminated with success
263:M 12 Oct 2024 13:18:02.024 * 10 changes in 300 seconds. Saving...
263:M 12 Oct 2024 13:18:02.024 * Background saving started by pid 13552
13552:C 12 Oct 2024 13:18:02.050 * DB saved on disk
13552:C 12 Oct 2024 13:18:02.050 * RDB: 0 MB of memory used by copy-on-write
263:M 12 Oct 2024 13:18:02.124 * Background saving terminated with success
263:M 12 Oct 2024 13:23:03.109 * 10 changes in 300 seconds. Saving...
263:M 12 Oct 2024 13:23:03.110 * Background saving started by pid 16638
16638:C 12 Oct 2024 13:23:03.141 * DB saved on disk
16638:C 12 Oct 2024 13:23:03.141 * RDB: 0 MB of memory used by copy-on-write
263:M 12 Oct 2024 13:23:03.210 * Background saving terminated with success
